<?xml version="1.0" encoding="UTF-8"?>
<!-- Generated by org.testng.reporters.JUnitReportReporter -->
<testsuite hostname="Bharath" failures="0" tests="12" name="com.framework.testng.concepts.AppCommons" time="0.072" errors="0" timestamp="2025-02-14T22:28:45 IST" skipped="0">
  <testcase classname="com.framework.testng.concepts.AppCommons" name="TestCase2" time="0.002"/>
  <system-out/>
  <testcase classname="com.framework.testng.concepts.AppCommons" name="TestCase2" time="0.002"/>
  <system-out/>
  <testcase classname="com.framework.testng.concepts.AppCommons" name="TestCase2" time="0.002"/>
  <system-out/>
  <testcase classname="com.framework.testng.concepts.AppCommons" name="TestCase1" time="0.012"/>
  <system-out/>
  <testcase classname="com.framework.testng.concepts.AppCommons" name="TestCase1" time="0.014"/>
  <system-out/>
  <testcase classname="com.framework.testng.concepts.AppCommons" name="TestCase1" time="0.010"/>
  <system-out/>
  <testcase classname="com.framework.testng.concepts.AppCommons" name="TestCase3" time="0.010"/>
  <system-out/>
  <testcase classname="com.framework.testng.concepts.AppCommons" name="TestCase3" time="0.002"/>
  <system-out/>
  <testcase classname="com.framework.testng.concepts.AppCommons" name="TestCase3" time="0.005"/>
  <system-out/>
  <testcase classname="com.framework.testng.concepts.AppCommons" name="TestCase3" time="0.007"/>
  <system-out/>
  <testcase classname="com.framework.testng.concepts.AppCommons" name="TestCase3" time="0.001"/>
  <system-out/>
  <testcase classname="com.framework.testng.concepts.AppCommons" name="TestCase3" time="0.005"/>
  <system-out/>
</testsuite> <!-- com.framework.testng.concepts.AppCommons -->
